Build started 9/16/2020 4:03:38 AM.
     1>Project "D:\dev\TKUSBCompiler\TKProtect\TKProtect.vcxproj" on node 2 (Build target(s)).
     1>C:\Program Files (x86)\MSBuild\Microsoft.Cpp\v4.0\V110\Microsoft.CppBuild.targets(346,5): warning MSB8004: Output Directory does not end with a trailing slash.  This build instance will add the slash as it is required to allow proper evaluation of the Output Directory.
     1>ClCompile:
         C:\Program Files (x86)\Microsoft Visual Studio 11.0\VC\bin\x86_amd64\CL.exe /c /I.\..\include /I.\GeneratedFiles /I. /IC:\Qt\Qt5.0.2\5.0.2\msvc2012_64\include /I.\GeneratedFiles\Release /IC:\Qt\Qt5.0.2\5.0.2\msvc2012_64\include\QtCore /IC:\Qt\Qt5.0.2\5.0.2\msvc2012_64\include\QtGui /IC:\Qt\Qt5.0.2\5.0.2\msvc2012_64\include\QtWidgets /nologo /W1 /WX- /O2 /D UNICODE /D WIN32 /D QT_DLL /D QT_NO_DEBUG /D NDEBUG /D QT_CORE_LIB /D QT_GUI_LIB /D QT_WIDGETS_LIB /Gm- /EHsc /MD /GS /fp:precise /Zc:wchar_t- /Zc:forScope /Fo"x64\Release\\" /Fd"x64\Release\vc110.pdb" /Gd /TP /errorReport:prompt GeneratedFiles\qrc_tkprotect.cpp
         qrc_tkprotect.cpp
         C:\Program Files (x86)\Microsoft Visual Studio 11.0\VC\bin\x86_amd64\CL.exe /c /I.\..\include /I.\GeneratedFiles /I. /IC:\Qt\Qt5.0.2\5.0.2\msvc2012_64\include /I.\GeneratedFiles\Release /IC:\Qt\Qt5.0.2\5.0.2\msvc2012_64\include\QtCore /IC:\Qt\Qt5.0.2\5.0.2\msvc2012_64\include\QtGui /IC:\Qt\Qt5.0.2\5.0.2\msvc2012_64\include\QtWidgets /nologo /W1 /WX- /O2 /D UNICODE /D WIN32 /D QT_DLL /D QT_NO_DEBUG /D NDEBUG /D QT_CORE_LIB /D QT_GUI_LIB /D QT_WIDGETS_LIB /Gm- /EHsc /MD /GS /fp:precise /Zc:wchar_t- /Zc:forScope /Fo"x64\Release\\" /Fd"x64\Release\vc110.pdb" /Gd /TP /errorReport:prompt tkprotect.cpp
         tkprotect.cpp
     1>C:\Program Files (x86)\MSBuild\Microsoft.Cpp\v4.0\V110\Microsoft.CppBuild.targets(1137,5): warning MSB8012: TargetPath(D:\dev\TKUSBCompiler\TKProtect\..\Bin\Protector.exe) does not match the Linker's OutputFile property value (D:\dev\TKUSBCompiler\Bin\TKProtect.exe). This may cause your project to build incorrectly. To correct this, please make sure that $(OutDir), $(TargetName) and $(TargetExt) property values match the value specified in %(Link.OutputFile).
     1>C:\Program Files (x86)\MSBuild\Microsoft.Cpp\v4.0\V110\Microsoft.CppBuild.targets(1139,5): warning MSB8012: TargetName(Protector) does not match the Linker's OutputFile property value (TKProtect). This may cause your project to build incorrectly. To correct this, please make sure that $(OutDir), $(TargetName) and $(TargetExt) property values match the value specified in %(Link.OutputFile).
       Link:
         C:\Program Files (x86)\Microsoft Visual Studio 11.0\VC\bin\x86_amd64\link.exe /ERRORREPORT:PROMPT /OUT:"..\Bin\\TKProtect.exe" /NOLOGO /LIBPATH:C:\Qt\Qt5.0.2\5.0.2\msvc2012_64\lib qtmain.lib Qt5Core.lib Qt5Gui.lib Qt5Widgets.lib kernel32.lib user32.lib gdi32.lib winspool.lib comdlg32.lib advapi32.lib shell32.lib ole32.lib oleaut32.lib uuid.lib odbc32.lib odbccp32.lib /MANIFEST /MANIFESTUAC:"level='asInvoker' uiAccess='false'" /manifest:embed /PDB:"..\Bin\Protector.pdb" /SUBSYSTEM:WINDOWS /TLBID:1 /DYNAMICBASE /NXCOMPAT /IMPLIB:"..\Bin\Protector.lib" /MACHINE:X64 x64\Release\TKProtect.res
         x64\Release\qrc_tkprotect.obj
         x64\Release\moc_tkprotect.obj
         x64\Release\main.obj
         x64\Release\tkprotect.obj
         TKProtect.vcxproj -> D:\dev\TKUSBCompiler\TKProtect\..\Bin\Protector.exe
     1>Done Building Project "D:\dev\TKUSBCompiler\TKProtect\TKProtect.vcxproj" (Build target(s)).

Build succeeded.

Time Elapsed 00:00:11.35
