D:\DEV\TKGITTOMOVIE\CALENDAR\X64\RELEASE\MAIN.OBJ
D:\DEV\TKGITTOMOVIE\CALENDAR\X64\RELEASE\MOC_MAINWINDOW.OBJ
D:\DEV\TKGITTOMOVIE\CALENDAR\X64\RELEASE\MAINWINDOW.OBJ
D:\DEV\TKGITTOMOVIE\CALENDAR\X64\RELEASE\COMMON.OBJ
D:\DEV\TKGITTOMOVIE\CALENDAR\X64\RELEASE\CXFULLIMAGELABEL.OBJ
D:\DEV\TKGITTOMOVIE\CALENDAR\X64\RELEASE\MOC_CXFULLIMAGELABEL.OBJ
D:\DEV\TKGITTOMOVIE\CALENDAR\X64\RELEASE\CXSEEKBAR.OBJ
D:\DEV\TKGITTOMOVIE\CALENDAR\X64\RELEASE\MOC_CXSEEKBAR.OBJ
D:\DEV\TKGITTOMOVIE\CALENDAR\X64\RELEASE\VC110.PDB
D:\DEV\TKGITTOMOVIE\CALENDAR\X64\RELEASE\MOC_CXPROGRESSDLG.OBJ
D:\DEV\TKGITTOMOVIE\CALENDAR\X64\RELEASE\CXPROGRESSDLG.OBJ
D:\DEV\TKGITTOMOVIE\CALENDAR\X64\RELEASE\QRC_RES.OBJ
D:\DEV\TKGITTOMOVIE\CALENDAR\GENERATEDFILES\RELEASE\MOC_CXSEEKBAR.CPP
D:\DEV\TKGITTOMOVIE\CALENDAR\GENERATEDFILES\RELEASE\MOC_CXPROGRESSDLG.CPP
D:\DEV\TKGITTOMOVIE\CALENDAR\GENERATEDFILES\UI_DLG_PROGRESS.H
D:\DEV\TKGITTOMOVIE\CALENDAR\GENERATEDFILES\UI_MAINWINDOW.H
D:\DEV\TKGITTOMOVIE\CALENDAR\GENERATEDFILES\QRC_RES.CPP
D:\DEV\TKGITTOMOVIE\CALENDAR\GENERATEDFILES\RELEASE\MOC_MAINWINDOW.CPP
D:\DEV\TKGITTOMOVIE\CALENDAR\GENERATEDFILES\RELEASE\MOC_CXFULLIMAGELABEL.CPP
D:\DEV\TKGITTOMOVIE\X64\RELEASE\CALENDAR.EXE
D:\DEV\TKGITTOMOVIE\CALENDAR\X64\RELEASE\CALENDAR.RES
D:\dev\TKUSBCompiler\calendar\x64\Release\common.obj
D:\dev\TKUSBCompiler\calendar\x64\Release\cxfullimagelabel.obj
D:\dev\TKUSBCompiler\calendar\x64\Release\cxprogressdlg.obj
D:\dev\TKUSBCompiler\calendar\x64\Release\cxseekbar.obj
D:\dev\TKUSBCompiler\calendar\x64\Release\main.obj
D:\dev\TKUSBCompiler\calendar\x64\Release\mainwindow.obj
D:\dev\TKUSBCompiler\calendar\x64\Release\moc_cxfullimagelabel.obj
D:\dev\TKUSBCompiler\calendar\x64\Release\moc_cxprogressdlg.obj
D:\dev\TKUSBCompiler\calendar\x64\Release\moc_cxseekbar.obj
D:\dev\TKUSBCompiler\calendar\x64\Release\moc_mainwindow.obj
D:\dev\TKUSBCompiler\calendar\x64\Release\qrc_res.obj
D:\dev\TKUSBCompiler\calendar\x64\Release\cl.command.1.tlog
D:\dev\TKUSBCompiler\calendar\x64\Release\CL.read.1.tlog
D:\dev\TKUSBCompiler\calendar\x64\Release\CL.write.1.tlog
D:\dev\TKUSBCompiler\calendar\x64\Release\custombuild.command.1.tlog
D:\dev\TKUSBCompiler\calendar\x64\Release\custombuild.read.1.tlog
D:\dev\TKUSBCompiler\calendar\x64\Release\custombuild.write.1.tlog
D:\dev\TKUSBCompiler\calendar\x64\Release\link-cvtres.read.1.tlog
D:\dev\TKUSBCompiler\calendar\x64\Release\link-cvtres.write.1.tlog
D:\dev\TKUSBCompiler\calendar\x64\Release\link-rc.read.1.tlog
D:\dev\TKUSBCompiler\calendar\x64\Release\link-rc.write.1.tlog
D:\dev\TKUSBCompiler\calendar\x64\Release\link.command.1.tlog
D:\dev\TKUSBCompiler\calendar\x64\Release\link.read.1.tlog
D:\dev\TKUSBCompiler\calendar\x64\Release\link.write.1.tlog
D:\dev\TKUSBCompiler\calendar\x64\Release\rc.command.1.tlog
D:\dev\TKUSBCompiler\calendar\x64\Release\rc.read.1.tlog
D:\dev\TKUSBCompiler\calendar\x64\Release\rc.write.1.tlog
D:\dev\TKUSBCompiler\calendar\x64\Release\calendar.res
D:\dev\TKUSBCompiler\calendar\x64\Release\vc110.pdb
D:\dev\TKUSBCompiler\x64\Release\calendar.exe
